[90m20:16:42 09/01/2024[0m [92m AUTO RESTART:[0m Bot will auto restart in 10m
--------STARTING------
Cron job scheduled. Waiting for 18:50:0 in Asia/Manila to move the file...
Server is running on port 3002
]2;Goat Bot V2 - Made by NTKhang\─

GOATBOT V2
GoatBot V2@1.5.23 - A simple Bot chat messenger use personal account
Created by NTKhang with ♡
Source code: https://github.com/ntkhang03/Goat-Bot-V2
ALL VERSIONS NOT RELEASED HERE ARE FAKE
RangeError: Invalid array length
    at ⴲⴻⵞⵝⴲ (/home/ec2-user/bot/login/login.js:1:171841)
    at ⵂⴰⴰⴵ.<computed>.<computed>.program_ (/home/ec2-user/bot/login/login.js:1:195694)
    at ⵂⴰⴰⴵ.<computed>.<computed>.<computed>.<computed> [as nextStep_] (/home/ec2-user/bot/login/login.js:1:158119)
    at ⵂⴰⴰⴵ.<computed>.<computed>.<computed>.<computed> [as next_] (/home/ec2-user/bot/login/login.js:1:155656)
    at <computed> [as next] (/home/ec2-user/bot/login/login.js:1:159551)
    at /home/ec2-user/bot/login/login.js:1:160461
    at new Promise (<anonymous>)
    at ⵂⴰⴰⴵ.<computed> [as asyncExecutePromiseGenerator] (/home/ec2-user/bot/login/login.js:1:160216)
    at ⵂⴰⴰⴵ.<computed> [as asyncExecutePromiseGeneratorProgram] (/home/ec2-user/bot/login/login.js:1:160615)
    at ⴲⴻⴾⵑⴲ (/home/ec2-user/bot/login/login.js:1:195551)
[90m20:25:47 09/01/2024[0m [92m AUTO RESTART:[0m Bot will auto restart in 10m
--------STARTING------
Cron job scheduled. Waiting for 18:50:0 in Asia/Manila to move the file...
Server is running on port 3002
]2;Goat Bot V2 - Made by NTKhang\─

GOATBOT V2
GoatBot V2@1.5.23 - A simple Bot chat messenger use personal account
Created by NTKhang with ♡
Source code: https://github.com/ntkhang03/Goat-Bot-V2
ALL VERSIONS NOT RELEASED HERE ARE FAKE
RangeError: Invalid array length
    at ⴲⴻⵞⵝⴲ (/home/ec2-user/bot/login/login.js:1:171841)
    at ⵂⴰⴰⴵ.<computed>.<computed>.program_ (/home/ec2-user/bot/login/login.js:1:195694)
    at ⵂⴰⴰⴵ.<computed>.<computed>.<computed>.<computed> [as nextStep_] (/home/ec2-user/bot/login/login.js:1:158119)
    at ⵂⴰⴰⴵ.<computed>.<computed>.<computed>.<computed> [as next_] (/home/ec2-user/bot/login/login.js:1:155656)
    at <computed> [as next] (/home/ec2-user/bot/login/login.js:1:159551)
    at /home/ec2-user/bot/login/login.js:1:160461
    at new Promise (<anonymous>)
    at ⵂⴰⴰⴵ.<computed> [as asyncExecutePromiseGenerator] (/home/ec2-user/bot/login/login.js:1:160216)
    at ⵂⴰⴰⴵ.<computed> [as asyncExecutePromiseGeneratorProgram] (/home/ec2-user/bot/login/login.js:1:160615)
    at ⴲⴻⴾⵑⴲ (/home/ec2-user/bot/login/login.js:1:195551)
[90m20:26:01 09/01/2024[0m [92m AUTO RESTART:[0m Bot will auto restart in 10m
--------STARTING------
Cron job scheduled. Waiting for 18:50:0 in Asia/Manila to move the file...
Server is running on port 3002
[90m20:26:06 09/01/2024[0m [92m AUTO RESTART:[0m Bot will auto restart in 10m
--------STARTING------
Cron job scheduled. Waiting for 18:50:0 in Asia/Manila to move the file...
Server is running on port 3002
]2;Goat Bot V2 - Made by NTKhang\─

GOATBOT V2
GoatBot V2@1.5.23 - A simple Bot chat messenger use personal account
Created by NTKhang with ♡
Source code: https://github.com/ntkhang03/Goat-Bot-V2
ALL VERSIONS NOT RELEASED HERE ARE FAKE
RangeError: Invalid array length
    at ⴲⴻⵞⵝⴲ (/home/ec2-user/bot/login/login.js:1:171841)
    at ⵂⴰⴰⴵ.<computed>.<computed>.program_ (/home/ec2-user/bot/login/login.js:1:195694)
    at ⵂⴰⴰⴵ.<computed>.<computed>.<computed>.<computed> [as nextStep_] (/home/ec2-user/bot/login/login.js:1:158119)
    at ⵂⴰⴰⴵ.<computed>.<computed>.<computed>.<computed> [as next_] (/home/ec2-user/bot/login/login.js:1:155656)
    at <computed> [as next] (/home/ec2-user/bot/login/login.js:1:159551)
    at /home/ec2-user/bot/login/login.js:1:160461
    at new Promise (<anonymous>)
    at ⵂⴰⴰⴵ.<computed> [as asyncExecutePromiseGenerator] (/home/ec2-user/bot/login/login.js:1:160216)
    at ⵂⴰⴰⴵ.<computed> [as asyncExecutePromiseGeneratorProgram] (/home/ec2-user/bot/login/login.js:1:160615)
    at ⴲⴻⴾⵑⴲ (/home/ec2-user/bot/login/login.js:1:195551)
-------EXITING-----
[90m20:26:51 09/01/2024[0m [92m AUTO RESTART:[0m Bot will auto restart in 10m
--------STARTING------
Cron job scheduled. Waiting for 18:50:0 in Asia/Manila to move the file...
Server is running on port 3002
]2;Goat Bot V2 - Made by NTKhang\─

GOATBOT V2
GoatBot V2@1.5.23 - A simple Bot chat messenger use personal account
Created by NTKhang with ♡
Source code: https://github.com/ntkhang03/Goat-Bot-V2
ALL VERSIONS NOT RELEASED HERE ARE FAKE
RangeError: Invalid array length
    at ⴲⴻⵞⵝⴲ (/home/ec2-user/bot/login/login.js:1:171841)
    at ⵂⴰⴰⴵ.<computed>.<computed>.program_ (/home/ec2-user/bot/login/login.js:1:195694)
    at ⵂⴰⴰⴵ.<computed>.<computed>.<computed>.<computed> [as nextStep_] (/home/ec2-user/bot/login/login.js:1:158119)
    at ⵂⴰⴰⴵ.<computed>.<computed>.<computed>.<computed> [as next_] (/home/ec2-user/bot/login/login.js:1:155656)
    at <computed> [as next] (/home/ec2-user/bot/login/login.js:1:159551)
    at /home/ec2-user/bot/login/login.js:1:160461
    at new Promise (<anonymous>)
    at ⵂⴰⴰⴵ.<computed> [as asyncExecutePromiseGenerator] (/home/ec2-user/bot/login/login.js:1:160216)
    at ⵂⴰⴰⴵ.<computed> [as asyncExecutePromiseGeneratorProgram] (/home/ec2-user/bot/login/login.js:1:160615)
    at ⴲⴻⴾⵑⴲ (/home/ec2-user/bot/login/login.js:1:195551)
[90m20:31:24 09/01/2024[0m [92m AUTO RESTART:[0m Bot will auto restart in 10m
--------STARTING------
Cron job scheduled. Waiting for 18:50:0 in Asia/Manila to move the file...
Server is running on port 3002
]2;Goat Bot V2 - Made by NTKhang\─

GOATBOT V2
GoatBot V2@1.5.23 - A simple Bot chat messenger use personal account
Created by NTKhang with ♡
Source code: https://github.com/ntkhang03/Goat-Bot-V2
ALL VERSIONS NOT RELEASED HERE ARE FAKE
RangeError: Invalid array length
    at ⴲⴻⵞⵝⴲ (/home/ec2-user/bot/login/login.js:1:171841)
    at ⵂⴰⴰⴵ.<computed>.<computed>.program_ (/home/ec2-user/bot/login/login.js:1:195694)
    at ⵂⴰⴰⴵ.<computed>.<computed>.<computed>.<computed> [as nextStep_] (/home/ec2-user/bot/login/login.js:1:158119)
    at ⵂⴰⴰⴵ.<computed>.<computed>.<computed>.<computed> [as next_] (/home/ec2-user/bot/login/login.js:1:155656)
    at <computed> [as next] (/home/ec2-user/bot/login/login.js:1:159551)
    at /home/ec2-user/bot/login/login.js:1:160461
    at new Promise (<anonymous>)
    at ⵂⴰⴰⴵ.<computed> [as asyncExecutePromiseGenerator] (/home/ec2-user/bot/login/login.js:1:160216)
    at ⵂⴰⴰⴵ.<computed> [as asyncExecutePromiseGeneratorProgram] (/home/ec2-user/bot/login/login.js:1:160615)
    at ⴲⴻⴾⵑⴲ (/home/ec2-user/bot/login/login.js:1:195551)
[90m20:31:56 09/01/2024[0m [92m AUTO RESTART:[0m Bot will auto restart in 10m
--------STARTING------
Cron job scheduled. Waiting for 18:50:0 in Asia/Manila to move the file...
Error: listen EADDRINUSE: address already in use :::3002
    at Server.setupListenHandle [as _listen2] (node:net:1872:16)
    at listenInCluster (node:net:1920:12)
    at Server.listen (node:net:2008:7)
    at Function.listen (/home/ec2-user/node_modules/express/lib/application.js:635:24)
    at Object.<anonymous> (/home/ec2-user/Goat.js:450:5)
    at Module._compile (node:internal/modules/cjs/loader:1376:14)
    at Module._extensions..js (node:internal/modules/cjs/loader:1435:10)
    at Module.load (node:internal/modules/cjs/loader:1207:32)
    at Module._load (node:internal/modules/cjs/loader:1023:12)
    at Function.executeUserEntryPoint [as runMain] (node:internal/modules/run_main:135:12) {
  code: 'EADDRINUSE',
  errno: -98,
  syscall: 'listen',
  address: '::',
  port: 3002
}
]2;Goat Bot V2 - Made by NTKhang\─

GOATBOT V2
GoatBot V2@1.5.23 - A simple Bot chat messenger use personal account
Created by NTKhang with ♡
Source code: https://github.com/ntkhang03/Goat-Bot-V2
ALL VERSIONS NOT RELEASED HERE ARE FAKE
RangeError: Invalid array length
    at ⴲⴻⵞⵝⴲ (/home/ec2-user/bot/login/login.js:1:171841)
    at ⵂⴰⴰⴵ.<computed>.<computed>.program_ (/home/ec2-user/bot/login/login.js:1:195694)
    at ⵂⴰⴰⴵ.<computed>.<computed>.<computed>.<computed> [as nextStep_] (/home/ec2-user/bot/login/login.js:1:158119)
    at ⵂⴰⴰⴵ.<computed>.<computed>.<computed>.<computed> [as next_] (/home/ec2-user/bot/login/login.js:1:155656)
    at <computed> [as next] (/home/ec2-user/bot/login/login.js:1:159551)
    at /home/ec2-user/bot/login/login.js:1:160461
    at new Promise (<anonymous>)
    at ⵂⴰⴰⴵ.<computed> [as asyncExecutePromiseGenerator] (/home/ec2-user/bot/login/login.js:1:160216)
    at ⵂⴰⴰⴵ.<computed> [as asyncExecutePromiseGeneratorProgram] (/home/ec2-user/bot/login/login.js:1:160615)
    at ⴲⴻⴾⵑⴲ (/home/ec2-user/bot/login/login.js:1:195551)
[90m20:32:53 09/01/2024[0m [92m AUTO RESTART:[0m Bot will auto restart in 10m
--------STARTING------
Cron job scheduled. Waiting for 18:50:0 in Asia/Manila to move the file...
Server is running on port 3002
]2;Goat Bot V2 - Made by NTKhang\─

GOATBOT V2
GoatBot V2@1.5.23 - A simple Bot chat messenger use personal account
Created by NTKhang with ♡
Source code: https://github.com/ntkhang03/Goat-Bot-V2
ALL VERSIONS NOT RELEASED HERE ARE FAKE
RangeError: Invalid array length
    at ⴲⴻⵞⵝⴲ (/home/ec2-user/bot/login/login.js:1:171841)
    at ⵂⴰⴰⴵ.<computed>.<computed>.program_ (/home/ec2-user/bot/login/login.js:1:195694)
    at ⵂⴰⴰⴵ.<computed>.<computed>.<computed>.<computed> [as nextStep_] (/home/ec2-user/bot/login/login.js:1:158119)
    at ⵂⴰⴰⴵ.<computed>.<computed>.<computed>.<computed> [as next_] (/home/ec2-user/bot/login/login.js:1:155656)
    at <computed> [as next] (/home/ec2-user/bot/login/login.js:1:159551)
    at /home/ec2-user/bot/login/login.js:1:160461
    at new Promise (<anonymous>)
    at ⵂⴰⴰⴵ.<computed> [as asyncExecutePromiseGenerator] (/home/ec2-user/bot/login/login.js:1:160216)
    at ⵂⴰⴰⴵ.<computed> [as asyncExecutePromiseGeneratorProgram] (/home/ec2-user/bot/login/login.js:1:160615)
    at ⴲⴻⴾⵑⴲ (/home/ec2-user/bot/login/login.js:1:195551)
[90m20:34:14 09/01/2024[0m [92m AUTO RESTART:[0m Bot will auto restart in 10m
--------STARTING------
Cron job scheduled. Waiting for 18:50:0 in Asia/Manila to move the file...
Server is running on port 3002
]2;Goat Bot V2 - Made by NTKhang\─

GOATBOT V2
GoatBot V2@1.5.23 - A simple Bot chat messenger use personal account
Created by NTKhang with ♡
Source code: https://github.com/ntkhang03/Goat-Bot-V2
ALL VERSIONS NOT RELEASED HERE ARE FAKE
RangeError: Invalid array length
    at ⴲⴻⵞⵝⴲ (/home/ec2-user/bot/login/login.js:1:171841)
    at ⵂⴰⴰⴵ.<computed>.<computed>.program_ (/home/ec2-user/bot/login/login.js:1:195694)
    at ⵂⴰⴰⴵ.<computed>.<computed>.<computed>.<computed> [as nextStep_] (/home/ec2-user/bot/login/login.js:1:158119)
    at ⵂⴰⴰⴵ.<computed>.<computed>.<computed>.<computed> [as next_] (/home/ec2-user/bot/login/login.js:1:155656)
    at <computed> [as next] (/home/ec2-user/bot/login/login.js:1:159551)
    at /home/ec2-user/bot/login/login.js:1:160461
    at new Promise (<anonymous>)
    at ⵂⴰⴰⴵ.<computed> [as asyncExecutePromiseGenerator] (/home/ec2-user/bot/login/login.js:1:160216)
    at ⵂⴰⴰⴵ.<computed> [as asyncExecutePromiseGeneratorProgram] (/home/ec2-user/bot/login/login.js:1:160615)
    at ⴲⴻⴾⵑⴲ (/home/ec2-user/bot/login/login.js:1:195551)
[90m20:38:53 09/01/2024[0m [92m AUTO RESTART:[0m Bot will auto restart in 10m
--------STARTING------
Cron job scheduled. Waiting for 18:50:0 in Asia/Manila to move the file...
Server is running on port 3002
]2;Goat Bot V2 - Made by NTKhang\─

GOATBOT V2
GoatBot V2@1.5.23 - A simple Bot chat messenger use personal account
Created by NTKhang with ♡
Source code: https://github.com/ntkhang03/Goat-Bot-V2
ALL VERSIONS NOT RELEASED HERE ARE FAKE
RangeError: Invalid array length
    at ⴲⴻⵞⵝⴲ (/home/ec2-user/bot/login/login.js:1:171841)
    at ⵂⴰⴰⴵ.<computed>.<computed>.program_ (/home/ec2-user/bot/login/login.js:1:195694)
    at ⵂⴰⴰⴵ.<computed>.<computed>.<computed>.<computed> [as nextStep_] (/home/ec2-user/bot/login/login.js:1:158119)
    at ⵂⴰⴰⴵ.<computed>.<computed>.<computed>.<computed> [as next_] (/home/ec2-user/bot/login/login.js:1:155656)
    at <computed> [as next] (/home/ec2-user/bot/login/login.js:1:159551)
    at /home/ec2-user/bot/login/login.js:1:160461
    at new Promise (<anonymous>)
    at ⵂⴰⴰⴵ.<computed> [as asyncExecutePromiseGenerator] (/home/ec2-user/bot/login/login.js:1:160216)
    at ⵂⴰⴰⴵ.<computed> [as asyncExecutePromiseGeneratorProgram] (/home/ec2-user/bot/login/login.js:1:160615)
    at ⴲⴻⴾⵑⴲ (/home/ec2-user/bot/login/login.js:1:195551)
[90m20:41:45 09/01/2024[0m [92m AUTO RESTART:[0m Bot will auto restart in 10m
--------STARTING------
Cron job scheduled. Waiting for 18:50:0 in Asia/Manila to move the file...
Server is running on port 3002
]2;Goat Bot V2 - Made by NTKhang\─

GOATBOT V2
GoatBot V2@1.5.23 - A simple Bot chat messenger use personal account
Created by NTKhang with ♡
Source code: https://github.com/ntkhang03/Goat-Bot-V2
ALL VERSIONS NOT RELEASED HERE ARE FAKE
RangeError: Invalid array length
    at ⴲⴻⵞⵝⴲ (/home/ec2-user/bot/login/login.js:1:171841)
    at ⵂⴰⴰⴵ.<computed>.<computed>.program_ (/home/ec2-user/bot/login/login.js:1:195694)
    at ⵂⴰⴰⴵ.<computed>.<computed>.<computed>.<computed> [as nextStep_] (/home/ec2-user/bot/login/login.js:1:158119)
    at ⵂⴰⴰⴵ.<computed>.<computed>.<computed>.<computed> [as next_] (/home/ec2-user/bot/login/login.js:1:155656)
    at <computed> [as next] (/home/ec2-user/bot/login/login.js:1:159551)
    at /home/ec2-user/bot/login/login.js:1:160461
    at new Promise (<anonymous>)
    at ⵂⴰⴰⴵ.<computed> [as asyncExecutePromiseGenerator] (/home/ec2-user/bot/login/login.js:1:160216)
    at ⵂⴰⴰⴵ.<computed> [as asyncExecutePromiseGeneratorProgram] (/home/ec2-user/bot/login/login.js:1:160615)
    at ⴲⴻⴾⵑⴲ (/home/ec2-user/bot/login/login.js:1:195551)
