0 verbose cli /usr/bin/node /usr/lib/node_modules/npm/bin/npm-cli.js
1 info using npm@10.2.3
2 info using node@v20.10.0
3 timing npm:load:whichnode Completed in 23ms
4 timing config:load:defaults Completed in 5ms
5 timing config:load:file:/usr/lib/node_modules/npm/npmrc Completed in 7ms
6 timing config:load:builtin Completed in 7ms
7 timing config:load:cli Completed in 2ms
8 timing config:load:env Completed in 0ms
9 timing config:load:project Completed in 1ms
10 timing config:load:file:/home/ec2-user/.npmrc Completed in 6ms
11 timing config:load:user Completed in 6ms
12 timing config:load:file:/usr/etc/npmrc Completed in 0ms
13 timing config:load:global Completed in 1ms
14 timing config:load:setEnvs Completed in 1ms
15 timing config:load Completed in 24ms
16 timing npm:load:configload Completed in 24ms
17 timing config:load:flatten Completed in 3ms
18 timing npm:load:mkdirpcache Completed in 13ms
19 timing npm:load:mkdirplogs Completed in 0ms
20 verbose title npm exec jsonlint /home/ec2-user/configCommands.json
21 verbose argv "exec" "--" "jsonlint" "/home/ec2-user/configCommands.json"
22 timing npm:load:setTitle Completed in 0ms
23 timing npm:load:display Completed in 1ms
24 verbose logfile logs-max:10 dir:/home/ec2-user/.npm/_logs/2024-01-10T01_31_39_206Z-
25 verbose logfile /home/ec2-user/.npm/_logs/2024-01-10T01_31_39_206Z-debug-0.log
26 timing npm:load:logFile Completed in 20ms
27 timing npm:load:timers Completed in 0ms
28 timing npm:load:configScope Completed in 0ms
29 timing npm:load Completed in 118ms
30 silly logfile start cleaning logs, removing 1 files
31 silly logfile done cleaning log files
32 timing command:exec Completed in 286ms
33 verbose exit 0
34 timing npm Completed in 634ms
35 info ok
